Fetching HN top stories...
  Got 9 HN stories
  r/technology...
  Warn: https://www.reddit.com/r/technology/top.json?t=day&limit=5 -> HTTP Error 403: Blocked
  r/programming...
  Warn: https://www.reddit.com/r/programming/top.json?t=day&limit=5 -> HTTP Error 403: Blocked
  r/MachineLearning...
  Warn: https://www.reddit.com/r/MachineLearning/top.json?t=day&limit=5 -> HTTP Error 403: Blocked
  r/startups...
  Warn: https://www.reddit.com/r/startups/top.json?t=day&limit=5 -> HTTP Error 403: Blocked
  r/selfhosted...
  Warn: https://www.reddit.com/r/selfhosted/top.json?t=day&limit=5 -> HTTP Error 403: Blocked
  Got 0 Reddit posts
Fetching GitHub Trending...
  Got 10 trending repos

Total signals: 17
Done: content/today.md
/home/aeon/.openclaw/workspace/aeonos/projects/brief-landing/daily-brief.sh: line 13: hugo: command not found
Fetching HN top stories...
  Got 7 HN stories
  r/technology...
  Warn: https://www.reddit.com/r/technology/top.json?t=day&limit=5 -> HTTP Error 403: Blocked
  r/programming...
  Warn: https://www.reddit.com/r/programming/top.json?t=day&limit=5 -> HTTP Error 403: Blocked
  r/MachineLearning...
  Warn: https://www.reddit.com/r/MachineLearning/top.json?t=day&limit=5 -> HTTP Error 403: Blocked
  r/startups...
  Warn: https://www.reddit.com/r/startups/top.json?t=day&limit=5 -> HTTP Error 403: Blocked
  r/selfhosted...
  Warn: https://www.reddit.com/r/selfhosted/top.json?t=day&limit=5 -> HTTP Error 403: Blocked
  Got 0 Reddit posts
Fetching GitHub Trending...
  Got 15 trending repos

Total signals: 15
Done: content/today.md
To https://github.com/aeonosprime-code/brief.git
   6990561..8161036  main -> main
2026-07-14T14:00: Pushed Brief for 2026-07-14
